<?xml version="1.0" encoding="UTF-8"?>
<!-- Generated by org.testng.reporters.JUnitReportReporter -->
<testsuite hostname="ATMECSINLT-013" failures="0" tests="1" name="atmecs.com.atmecs.konakart.TeasScriptScinario2" time="22.187" errors="0" timestamp="04 Oct 2019 12:21:24 GMT" skipped="0">
  <testcase classname="atmecs.com.atmecs.konakart.TeasScriptScinario2" name="HeroImgValidation" time="22.187"/>
</testsuite> <!-- atmecs.com.atmecs.konakart.TeasScriptScinario2 -->
