<?xml version="1.0" encoding="UTF-8"?>
<!-- Generated by org.testng.reporters.JUnitReportReporter -->
<testsuite hostname="ATMECSINLT-013" failures="0" tests="1" name="atmecs.com.atmecs.konakart.TestScriptSecinario1" time="6.562" errors="0" timestamp="04 Oct 2019 13:39:22 GMT" skipped="0">
  <testcase classname="atmecs.com.atmecs.konakart.TestScriptSecinario1" name="productvalidation" time="6.562"/>
</testsuite> <!-- atmecs.com.atmecs.konakart.TestScriptSecinario1 -->
